-------------------------------------------------------------------------------
Test set: com.hrms.runners.TestRunner
-------------------------------------------------------------------------------
Tests run: 1, Failures: 1, Errors: 0, Skipped: 0, Time elapsed: 21.801 s <<< FAILURE! - in com.hrms.runners.TestRunner
Name validations against DB.First Name validation against DB  Time elapsed: 21.317 s  <<< FAILURE!
java.lang.AssertionError: expected:<[{emp_firstname=Ali}]> but was:<[{emp_firstname=test}, {emp_firstname=Selma S}, {emp_firstname=Samuel J}, {emp_firstname=James X}, {emp_firstname=James X}, {emp_firstname=Adam}, {emp_firstname=Samuel H}, {emp_firstname=Colin}, {emp_firstname=Colin}, {emp_firstname=Rage}, {emp_firstname=Bobby Boshat}, {emp_firstname=Roll}, {emp_firstname=Fernando}, {emp_firstname=Shazeb}, {emp_firstname=Sumair}, {emp_firstname=Shazeb}, {emp_firstname=Thomas}, {emp_firstname=Thomas}, {emp_firstname=Nigina N}, {emp_firstname=Leyla L}, {emp_firstname=Leyla L}, {emp_firstname=Julie}, {emp_firstname=Storm}, {emp_firstname=Storm}, {emp_firstname=Storm}, {emp_firstname=Storm}, {emp_firstname=Storm}, {emp_firstname=Storm}, {emp_firstname=Storm}, {emp_firstname=Storm}, {emp_firstname=Storm}, {emp_firstname=Storm}, {emp_firstname=Storm}, {emp_firstname=Storm}, {emp_firstname=Storm}, {emp_firstname=Storm}, {emp_firstname=Storm}, {emp_firstname=Storm}, {emp_firstname=Storm}, {emp_firstname=Storm}, {emp_firstname=Storm}, {emp_firstname=Mary}, {emp_firstname=Mary}, {emp_firstname=Mary}, {emp_firstname=Mary}, {emp_firstname=Mary}, {emp_firstname=Mary}, {emp_firstname=Mary}, {emp_firstname=Mary}, {emp_firstname=Mary}]>

