<?xml version="1.0" encoding="UTF-8"?>
<testsuite xmlns:xsi="http://www.w3.org/2001/XMLSchema-instance" xsi:noNamespaceSchemaLocation="https://maven.apache.org/surefire/maven-surefire-plugin/xsd/surefire-test-report-3.0.xsd" version="3.0" name="com.hrms.runners.TestRunner" time="21.801" tests="1" errors="0" skipped="0" failures="1">
  <properties>
[...]
</properties>
  <testcase name="First Name validation against DB" classname="Name validations against DB" time="21.317">
    <failure message="expected:&lt;[{emp_firstname=Ali}]&gt; but was:&lt;[{emp_firstname=test}, {emp_firstname=Selma S}, {emp_firstname=Samuel J}, {emp_firstname=James X}, {emp_firstname=James X}, {emp_firstname=Adam}, {emp_firstname=Samuel H}, {emp_firstname=Colin}, {emp_firstname=Colin}, {emp_firstname=Rage}, {emp_firstname=Bobby Boshat}, {emp_firstname=Roll}, {emp_firstname=Fernando}, {emp_firstname=Shazeb}, {emp_firstname=Sumair}, {emp_firstname=Shazeb}, {emp_firstname=Thomas}, {emp_firstname=Thomas}, {emp_firstname=Nigina N}, {emp_firstname=Leyla L}, {emp_firstname=Leyla L}, {emp_firstname=Julie}, {emp_firstname=Storm}, {emp_firstname=Storm}, {emp_firstname=Storm}, {emp_firstname=Storm}, {emp_firstname=Storm}, {emp_firstname=Storm}, {emp_firstname=Storm}, {emp_firstname=Storm}, {emp_firstname=Storm}, {emp_firstname=Storm}, {emp_firstname=Storm}, {emp_firstname=Storm}, {emp_firstname=Storm}, {emp_firstname=Storm}, {emp_firstname=Storm}, {emp_firstname=Storm}, {emp_firstname=Storm}, {emp_firstname=Storm}, {emp_firstname=Storm}, {emp_firstname=Mary}, {emp_firstname=Mary}, {emp_firstname=Mary}, {emp_firstname=Mary}, {emp_firstname=Mary}, {emp_firstname=Mary}, {emp_firstname=Mary}, {emp_firstname=Mary}, {emp_firstname=Mary}]&gt;" type="java.lang.AssertionError"><![CDATA[java.lang.AssertionError: expected:<[{emp_firstname=Ali}]> but was:<[{emp_firstname=test}, {emp_firstname=Selma S}, {emp_firstname=Samuel J}, {emp_firstname=James X}, {emp_firstname=James X}, {emp_firstname=Adam}, {emp_firstname=Samuel H}, {emp_firstname=Colin}, {emp_firstname=Colin}, {emp_firstname=Rage}, {emp_firstname=Bobby Boshat}, {emp_firstname=Roll}, {emp_firstname=Fernando}, {emp_firstname=Shazeb}, {emp_firstname=Sumair}, {emp_firstname=Shazeb}, {emp_firstname=Thomas}, {emp_firstname=Thomas}, {emp_firstname=Nigina N}, {emp_firstname=Leyla L}, {emp_firstname=Leyla L}, {emp_firstname=Julie}, {emp_firstname=Storm}, {emp_firstname=Storm}, {emp_firstname=Storm}, {emp_firstname=Storm}, {emp_firstname=Storm}, {emp_firstname=Storm}, {emp_firstname=Storm}, {emp_firstname=Storm}, {emp_firstname=Storm}, {emp_firstname=Storm}, {emp_firstname=Storm}, {emp_firstname=Storm}, {emp_firstname=Storm}, {emp_firstname=Storm}, {emp_firstname=Storm}, {emp_firstname=Storm}, {emp_firstname=Storm}, {emp_firstname=Storm}, {emp_firstname=Storm}, {emp_firstname=Mary}, {emp_firstname=Mary}, {emp_firstname=Mary}, {emp_firstname=Mary}, {emp_firstname=Mary}, {emp_firstname=Mary}, {emp_firstname=Mary}, {emp_firstname=Mary}, {emp_firstname=Mary}]>
]]></failure>
    <system-out><![CDATA[
@DB
Scenario: First Name validation against DB          # src/test/resources/features/NameValidationsInDB.feature:4
  Given user is logged with valid admin credentials # com.hrms.steps.LoginSteps.user_is_logged_with_valid_admin_credentials()
  And user navigate to employee list page           # com.hrms.steps.EmployeeSearchSteps.user_navigate_to_employee_list_page()
  When user enters valid employee id "14688"        # com.hrms.steps.EmployeeSearchSteps.user_enters_valid_employee_id(java.lang.String)
  And click on search button                        # com.hrms.steps.EmployeeSearchSteps.click_on_search_button()
  Then verify table is displayed                    # com.hrms.steps.EmployeeSearchSteps.verify_table_is_displayed()
[{emp_firstname=test}, {emp_firstname=Selma S}, {emp_firstname=Samuel J}, {emp_firstname=James X}, {emp_firstname=James X}, {emp_firstname=Adam}, {emp_firstname=Samuel H}, {emp_firstname=Colin}, {emp_firstname=Colin}, {emp_firstname=Rage}, {emp_firstname=Bobby Boshat}, {emp_firstname=Roll}, {emp_firstname=Fernando}, {emp_firstname=Shazeb}, {emp_firstname=Sumair}, {emp_firstname=Shazeb}, {emp_firstname=Thomas}, {emp_firstname=Thomas}, {emp_firstname=Nigina N}, {emp_firstname=Leyla L}, {emp_firstname=Leyla L}, {emp_firstname=Julie}, {emp_firstname=Storm}, {emp_firstname=Storm}, {emp_firstname=Storm}, {emp_firstname=Storm}, {emp_firstname=Storm}, {emp_firstname=Storm}, {emp_firstname=Storm}, {emp_firstname=Storm}, {emp_firstname=Storm}, {emp_firstname=Storm}, {emp_firstname=Storm}, {emp_firstname=Storm}, {emp_firstname=Storm}, {emp_firstname=Storm}, {emp_firstname=Storm}, {emp_firstname=Storm}, {emp_firstname=Storm}, {emp_firstname=Storm}, {emp_firstname=Storm}, {emp_firstname=Mary}, {emp_firstname=Mary}, {emp_firstname=Mary}, {emp_firstname=Mary}, {emp_firstname=Mary}, {emp_firstname=Mary}, {emp_firstname=Mary}, {emp_firstname=Mary}, {emp_firstname=Mary}]
  And get first name from table                     # com.hrms.steps.EmployeeSearchSteps.get_first_name_from_table()
  When get data from db                             # com.hrms.steps.DBSteps.get_data_from_db()
  Then verify first name from ui against db         # com.hrms.steps.EmployeeSearchSteps.verify_first_name_from_ui_against_db()
      java.lang.AssertionError: expected:<[{emp_firstname=Ali}]> but was:<[{emp_firstname=test}, {emp_firstname=Selma S}, {emp_firstname=Samuel J}, {emp_firstname=James X}, {emp_firstname=James X}, {emp_firstname=Adam}, {emp_firstname=Samuel H}, {emp_firstname=Colin}, {emp_firstname=Colin}, {emp_firstname=Rage}, {emp_firstname=Bobby Boshat}, {emp_firstname=Roll}, {emp_firstname=Fernando}, {emp_firstname=Shazeb}, {emp_firstname=Sumair}, {emp_firstname=Shazeb}, {emp_firstname=Thomas}, {emp_firstname=Thomas}, {emp_firstname=Nigina N}, {emp_firstname=Leyla L}, {emp_firstname=Leyla L}, {emp_firstname=Julie}, {emp_firstname=Storm}, {emp_firstname=Storm}, {emp_firstname=Storm}, {emp_firstname=Storm}, {emp_firstname=Storm}, {emp_firstname=Storm}, {emp_firstname=Storm}, {emp_firstname=Storm}, {emp_firstname=Storm}, {emp_firstname=Storm}, {emp_firstname=Storm}, {emp_firstname=Storm}, {emp_firstname=Storm}, {emp_firstname=Storm}, {emp_firstname=Storm}, {emp_firstname=Storm}, {emp_firstname=Storm}, {emp_firstname=Storm}, {emp_firstname=Storm}, {emp_firstname=Mary}, {emp_firstname=Mary}, {emp_firstname=Mary}, {emp_firstname=Mary}, {emp_firstname=Mary}, {emp_firstname=Mary}, {emp_firstname=Mary}, {emp_firstname=Mary}, {emp_firstname=Mary}]>
	at org.junit.Assert.fail(Assert.java:89)
	at org.junit.Assert.failNotEquals(Assert.java:835)
	at org.junit.Assert.assertEquals(Assert.java:120)
	at org.junit.Assert.assertEquals(Assert.java:146)
	at com.hrms.steps.EmployeeSearchSteps.verify_first_name_from_ui_against_db(EmployeeSearchSteps.java:56)
	at ✽.verify first name from ui against db(file:///Users/andrii/eclipse-workspace/Hrms/src/test/resources/features/NameValidationsInDB.feature:12)


    Embedding First Name validation against DB [image/png 204407 bytes]

]]></system-out>
    <system-err><![CDATA[SLF4J: Failed to load class "org.slf4j.impl.StaticLoggerBinder".
SLF4J: Defaulting to no-operation (NOP) logger implementation
SLF4J: See http://www.slf4j.org/codes.html#StaticLoggerBinder for further details.
Starting ChromeDriver 84.0.4147.30 (48b3e868b4cc0aa7e8149519690b6f6949e110a8-refs/branch-heads/4147@{#310}) on port 28325
Only local connections are allowed.
Please see https://chromedriver.chromium.org/security-considerations for suggestions on keeping ChromeDriver safe.
ChromeDriver was started successfully.
Jul 22, 2020 9:21:56 PM org.openqa.selenium.remote.ProtocolHandshake createSession
INFO: Detected dialect: W3C
]]></system-err>
  </testcase>
</testsuite>